  WeightManager.cpp
c:\users\johnk\onedrive\documents\github\egp-410\gameai\component steering sdl\weightmanager.cpp(32): warning C4305: '+=': truncation from 'double' to 'float'
c:\users\johnk\onedrive\documents\github\egp-410\gameai\component steering sdl\weightmanager.cpp(44): warning C4305: '-=': truncation from 'double' to 'float'
c:\users\johnk\onedrive\documents\github\egp-410\gameai\component steering sdl\weightmanager.cpp(51): warning C4305: '+=': truncation from 'double' to 'float'
c:\users\johnk\onedrive\documents\github\egp-410\gameai\component steering sdl\weightmanager.cpp(63): warning C4305: '-=': truncation from 'double' to 'float'
c:\users\johnk\onedrive\documents\github\egp-410\gameai\component steering sdl\weightmanager.cpp(70): warning C4305: '+=': truncation from 'double' to 'float'
c:\users\johnk\onedrive\documents\github\egp-410\gameai\component steering sdl\weightmanager.cpp(82): warning C4305: '-=': truncation from 'double' to 'float'
  Generating Code...
  Compiling...
  main.cpp
  WanderSteering.cpp
c:\users\johnk\onedrive\documents\github\egp-410\gameai\component steering sdl\wandersteering.h(20): warning C4305: 'initializing': truncation from 'double' to 'float'
c:\users\johnk\onedrive\documents\github\egp-410\gameai\component steering sdl\facesteering.h(18): warning C4305: 'initializing': truncation from 'double' to 'float'
  WanderChaseSteering.cpp
c:\users\johnk\onedrive\documents\github\egp-410\gameai\component steering sdl\wandersteering.h(20): warning C4305: 'initializing': truncation from 'double' to 'float'
  UnitManager.cpp
  Unit.cpp
  SeparationSteering.cpp
c:\users\johnk\onedrive\documents\github\egp-410\gameai\component steering sdl\separationsteering.h(23): warning C4305: 'initializing': truncation from 'double' to 'float'
  SeekSteering.cpp
c:\users\johnk\onedrive\documents\github\egp-410\gameai\component steering sdl\facesteering.h(18): warning C4305: 'initializing': truncation from 'double' to 'float'
  PositionComponent.cpp
  PlayerMoveToMessage.cpp
  KeyDownMessage.cpp
  InputManager.cpp
  GameMessageManager.cpp
  Game.cpp
  FlockingSteering.cpp
c:\users\johnk\onedrive\documents\github\egp-410\gameai\component steering sdl\flockingsteering.h(24): warning C4305: 'initializing': truncation from 'double' to 'float'
c:\users\johnk\onedrive\documents\github\egp-410\gameai\component steering sdl\facesteering.h(18): warning C4305: 'initializing': truncation from 'double' to 'float'
c:\users\johnk\onedrive\documents\github\egp-410\gameai\component steering sdl\separationsteering.h(23): warning C4305: 'initializing': truncation from 'double' to 'float'
c:\users\johnk\onedrive\documents\github\egp-410\gameai\component steering sdl\wandersteering.h(20): warning C4305: 'initializing': truncation from 'double' to 'float'
c:\users\johnk\onedrive\documents\github\egp-410\gameai\component steering sdl\flockingsteering.cpp(57): warning C4244: 'initializing': conversion from 'double' to 'float', possible loss of data
  FaceSteering.cpp
c:\users\johnk\onedrive\documents\github\egp-410\gameai\component steering sdl\facesteering.h(18): warning C4305: 'initializing': truncation from 'double' to 'float'
c:\users\johnk\onedrive\documents\github\egp-410\gameai\component steering sdl\facesteering.cpp(50): warning C4244: '=': conversion from 'double' to 'float', possible loss of data
c:\users\johnk\onedrive\documents\github\egp-410\gameai\component steering sdl\facesteering.cpp(53): warning C4244: '=': conversion from 'double' to 'float', possible loss of data
c:\users\johnk\onedrive\documents\github\egp-410\gameai\component steering sdl\facesteering.cpp(60): warning C4244: '=': conversion from 'double' to 'float', possible loss of data
  CohesionSteering.cpp
c:\users\johnk\onedrive\documents\github\egp-410\gameai\component steering sdl\facesteering.h(18): warning C4305: 'initializing': truncation from 'double' to 'float'
  ArriveSteering.cpp
c:\users\johnk\onedrive\documents\github\egp-410\gameai\component steering sdl\arrivesteering.cpp(66): warning C4305: 'argument': truncation from 'double' to 'float'
  ArriveFaceSteering.cpp
c:\users\johnk\onedrive\documents\github\egp-410\gameai\component steering sdl\facesteering.h(18): warning C4305: 'initializing': truncation from 'double' to 'float'
  AlignmentSteering.cpp
c:\users\johnk\onedrive\documents\github\egp-410\gameai\component steering sdl\facesteering.h(18): warning C4305: 'initializing': truncation from 'double' to 'float'
  Generating Code...
  LINK : C:\Users\johnk\OneDrive\Documents\GitHub\EGP-410\GameAI\component steering SDL\Debug\steering.exe not found or not built by the last incremental link; performing full link
  steering.vcxproj -> C:\Users\johnk\OneDrive\Documents\GitHub\EGP-410\GameAI\component steering SDL\Debug\steering.exe
